Started at Tue Mar 01 14:51:17 UTC 2022
Processing auto deploy
Offering auto deploy to Project Build Discarder
Processing c-projects
Offering c-projects to Project Build Discarder
Processing java project
Offering java project to Project Build Discarder
Finished at Tue Mar 01 14:51:17 UTC 2022. 7ms
Started at Tue Mar 01 15:51:17 UTC 2022
Processing auto deploy
Offering auto deploy to Project Build Discarder
Processing c-projects
Offering c-projects to Project Build Discarder
Processing java project
Offering java project to Project Build Discarder
Finished at Tue Mar 01 15:51:17 UTC 2022. 2ms
Started at Tue Mar 01 16:51:17 UTC 2022
Processing auto deploy
Offering auto deploy to Project Build Discarder
Processing c-projects
Offering c-projects to Project Build Discarder
Processing java project
Offering java project to Project Build Discarder
Processing practice java
Offering practice java to Project Build Discarder
Finished at Tue Mar 01 16:51:17 UTC 2022. 4ms
Started at Tue Mar 01 17:51:17 UTC 2022
Processing auto deploy
Offering auto deploy to Project Build Discarder
Processing c-projects
Offering c-projects to Project Build Discarder
Processing java project
Offering java project to Project Build Discarder
Processing practice java
Offering practice java to Project Build Discarder
Finished at Tue Mar 01 17:51:17 UTC 2022. 1ms
